Start testing: Jul 23 20:06 CEST
----------------------------------------------------------
1/5 Testing: logging_test
1/5 Test: logging_test
Command: "/Users/oliver/ClionProjects/testing/build/src/logging/tests/logging_test"
Directory: /Users/oliver/ClionProjects/testing/build/src/logging/tests
"logging_test" start time: Jul 23 20:06 CEST
Output:
----------------------------------------------------------
some info, some string 10

** (process:44434): ERROR **: 20:06:25.879: some error
** INFO: 20:06:25.878: some info
** Message: 20:06:25.880: some message
some print
some print error
** (process:44435): DEBUG: 20:06:25.880: some debug

** (process:44435): WARNING **: 20:06:25.880: some warning
[====] Synthesis: Tested: 3 | Passing: 3 | Failing: 0 | Crashing: 0 
<end of output>
Test time =   0.31 sec
----------------------------------------------------------
Test Passed.
"logging_test" end time: Jul 23 20:06 CEST
"logging_test" time elapsed: 00:00:00
----------------------------------------------------------

2/5 Testing: example
2/5 Test: example
Command: "/Users/oliver/ClionProjects/testing/build/src/testing/tests/example"
Directory: /Users/oliver/ClionProjects/testing/build/src/testing/tests
"example" start time: Jul 23 20:06 CEST
Output:
----------------------------------------------------------
[====] Synthesis: Tested: 2 | Passing: 2 | Failing: 0 | Crashing: 0 
<end of output>
Test time =   0.16 sec
----------------------------------------------------------
Test Passed.
"example" end time: Jul 23 20:06 CEST
"example" time elapsed: 00:00:00
----------------------------------------------------------

3/5 Testing: version_test
3/5 Test: version_test
Command: "/Users/oliver/ClionProjects/testing/build/src/version/tests/version_example"
Directory: /Users/oliver/ClionProjects/testing/build/src/version/tests
"version_test" start time: Jul 23 20:06 CEST
Output:
----------------------------------------------------------
[----] ../../../../src/version/tests/version.c:15: Assertion Failed
[----]   
[----]   We found the word "dirty" in the repository version v0.0.1-29-ga3f4f7c-dirty
[----]   
[FAIL] version::not_dirty: (0.00s)
Version: v0.0.1-29-ga3f4f7c-dirty
[====] Synthesis: Tested: 6 | Passing: 5 | Failing: 1 | Crashing: 0 
<end of output>
Test time =   0.21 sec
----------------------------------------------------------
Test Failed.
"version_test" end time: Jul 23 20:06 CEST
"version_test" time elapsed: 00:00:00
----------------------------------------------------------

4/5 Testing: cli_arguments_0
4/5 Test: cli_arguments_0
Command: "/Users/oliver/ClionProjects/testing/build/src/cli/tests/cli_arguments_0"
Directory: /Users/oliver/ClionProjects/testing/build/src/cli/tests
"cli_arguments_0" start time: Jul 23 20:06 CEST
Output:
----------------------------------------------------------
** INFO: 20:06:26.454: Parsing the input string: --foo
** INFO: 20:06:26.454: Parsing the input string: --help
** INFO: 20:06:26.454: Parsing the input string: --Help
** INFO: 20:06:26.454: Parsing the input string: 
** INFO: 20:06:26.455: Parsing the input string: --usage
** INFO: 20:06:26.465: Successfully parsed the input string: command 
** INFO: 20:06:26.465: Successfully parsed the input string: command --usage
** INFO: 20:06:26.465: Successfully parsed the input string: command --Help
command: unrecognized option `--Help'
Try `command --help' or `command --usage' for more information.
** INFO: 20:06:26.465: Successfully parsed the input string: command --foo
command: unrecognized option `--foo'
Try `command --help' or `command --usage' for more information.
Usage: command [-?] [--help] [--usage]
** INFO: 20:06:26.467: Successfully parsed the input string: command --help
Usage: command [OPTION...]

  -?, --help                 Give this help list
      --usage                Give a short usage message
[====] Synthesis: Tested: 5 | Passing: 5 | Failing: 0 | Crashing: 0 
<end of output>
Test time =   0.21 sec
----------------------------------------------------------
Test Passed.
"cli_arguments_0" end time: Jul 23 20:06 CEST
"cli_arguments_0" time elapsed: 00:00:00
----------------------------------------------------------

5/5 Testing: cli_arguments_version
5/5 Test: cli_arguments_version
Command: "/Users/oliver/ClionProjects/testing/build/src/cli/tests/cli_arguments_version"
Directory: /Users/oliver/ClionProjects/testing/build/src/cli/tests
"cli_arguments_version" start time: Jul 23 20:06 CEST
Output:
----------------------------------------------------------
** INFO: 20:06:26.636: Parsing the input string: --version
** INFO: 20:06:26.637: Parsing the input string: --version
** INFO: 20:06:26.642: Successfully parsed the input string: command --version
** INFO: 20:06:26.643: Successfully parsed the input string: command --version
testing v0.0.1-29-ga3f4f7c-dirty
testing v0.0.1-29-ga3f4f7c-dirty
[====] Synthesis: Tested: 2 | Passing: 2 | Failing: 0 | Crashing: 0 
<end of output>
Test time =   0.17 sec
----------------------------------------------------------
Test Passed.
"cli_arguments_version" end time: Jul 23 20:06 CEST
"cli_arguments_version" time elapsed: 00:00:00
----------------------------------------------------------

End testing: Jul 23 20:06 CEST
