Start testing: Jul 23 17:29 CEST
----------------------------------------------------------
1/5 Testing: logging_test
1/5 Test: logging_test
Command: "/Users/oliver/ClionProjects/testing/build/src/logging/tests/logging_test"
Directory: /Users/oliver/ClionProjects/testing/build/src/logging/tests
"logging_test" start time: Jul 23 17:29 CEST
Output:
----------------------------------------------------------
some info, some string 10

** (process:40300): ERROR **: 17:29:51.514: some error
** INFO: 17:29:51.513: some info
** Message: 17:29:51.515: some message
some print
some print error
** (process:40301): DEBUG: 17:29:51.515: some debug

** (process:40301): WARNING **: 17:29:51.515: some warning
[====] Synthesis: Tested: 3 | Passing: 3 | Failing: 0 | Crashing: 0 
<end of output>
Test time =   0.31 sec
----------------------------------------------------------
Test Passed.
"logging_test" end time: Jul 23 17:29 CEST
"logging_test" time elapsed: 00:00:00
----------------------------------------------------------

2/5 Testing: test_example
2/5 Test: test_example
Command: "/Users/oliver/ClionProjects/testing/build/src/testing/tests/test_example"
Directory: /Users/oliver/ClionProjects/testing/build/src/testing/tests
"test_example" start time: Jul 23 17:29 CEST
Output:
----------------------------------------------------------
[====] Synthesis: Tested: 2 | Passing: 2 | Failing: 0 | Crashing: 0 
<end of output>
Test time =   0.18 sec
----------------------------------------------------------
Test Passed.
"test_example" end time: Jul 23 17:29 CEST
"test_example" time elapsed: 00:00:00
----------------------------------------------------------

3/5 Testing: version_test
3/5 Test: version_test
Command: "/Users/oliver/ClionProjects/testing/build/src/version/tests/version_example"
Directory: /Users/oliver/ClionProjects/testing/build/src/version/tests
"version_test" start time: Jul 23 17:29 CEST
Output:
----------------------------------------------------------
[----] ../../../../src/version/tests/version.c:15: Assertion Failed
[----]   
[----]   We found the word "dirty" in the repository version v0.0.1-25-g2e1619a-dirty
[----]   
[FAIL] version::not_dirty: (0.00s)
Version: v0.0.1-25-g2e1619a-dirty
[====] Synthesis: Tested: 6 | Passing: 5 | Failing: 1 | Crashing: 0 
<end of output>
Test time =   0.23 sec
----------------------------------------------------------
Test Failed.
"version_test" end time: Jul 23 17:29 CEST
"version_test" time elapsed: 00:00:00
----------------------------------------------------------

4/5 Testing: cli_arguments_0
4/5 Test: cli_arguments_0
Command: "/Users/oliver/ClionProjects/testing/build/src/cli/tests/cli_arguments_0"
Directory: /Users/oliver/ClionProjects/testing/build/src/cli/tests
"cli_arguments_0" start time: Jul 23 17:29 CEST
Output:
----------------------------------------------------------
** INFO: 17:29:52.135: Parsing the input string: --Help
** INFO: 17:29:52.135: Parsing the input string: 
** INFO: 17:29:52.135: Parsing the input string: --foo
** INFO: 17:29:52.135: Parsing the input string: --help
** INFO: 17:29:52.136: Parsing the input string: --usage
** INFO: 17:29:52.150: Successfully parsed the input string: command --usage
Usage: command [-?] [--help] [--usage]
** INFO: 17:29:52.150: Successfully parsed the input string: command 
** INFO: 17:29:52.150: Successfully parsed the input string: command --foo
command: unrecognized option `--foo'
Try `command --help' or `command --usage' for more information.
** INFO: 17:29:52.150: Successfully parsed the input string: command --Help
command: unrecognized option `--Help'
Try `command --help' or `command --usage' for more information.
** INFO: 17:29:52.151: Successfully parsed the input string: command --help
Usage: command [OPTION...]

  -?, --help                 Give this help list
      --usage                Give a short usage message
[====] Synthesis: Tested: 5 | Passing: 5 | Failing: 0 | Crashing: 0 
<end of output>
Test time =   0.22 sec
----------------------------------------------------------
Test Passed.
"cli_arguments_0" end time: Jul 23 17:29 CEST
"cli_arguments_0" time elapsed: 00:00:00
----------------------------------------------------------

5/5 Testing: cli_arguments_version
5/5 Test: cli_arguments_version
Command: "/Users/oliver/ClionProjects/testing/build/src/cli/tests/cli_arguments_version"
Directory: /Users/oliver/ClionProjects/testing/build/src/cli/tests
"cli_arguments_version" start time: Jul 23 17:29 CEST
Output:
----------------------------------------------------------
** INFO: 17:29:52.359: Parsing the input string: --version
** INFO: 17:29:52.360: Parsing the input string: --version
** INFO: 17:29:52.364: Successfully parsed the input string: command --version
testing v0.0.1-25-g2e1619a-dirty
** INFO: 17:29:52.365: Successfully parsed the input string: command --version
testing v0.0.1-25-g2e1619a-dirty
[====] Synthesis: Tested: 2 | Passing: 2 | Failing: 0 | Crashing: 0 
<end of output>
Test time =   0.21 sec
----------------------------------------------------------
Test Passed.
"cli_arguments_version" end time: Jul 23 17:29 CEST
"cli_arguments_version" time elapsed: 00:00:00
----------------------------------------------------------

End testing: Jul 23 17:29 CEST
