Start testing: Aug 07 22:28 CEST
----------------------------------------------------------
1/17 Testing: hello_world_test
1/17 Test: hello_world_test
Command: "/Users/oliver/ClionProjects/testing/bin/hello_world_test"
Directory: /Users/oliver/ClionProjects/testing/src/hello_world/tests
"hello_world_test" start time: Aug 07 22:28 CEST
Output:
----------------------------------------------------------
[====] Synthesis: Tested: 0 | Passing: 0 | Failing: 0 | Crashing: 0 
<end of output>
Test time =   0.02 sec
----------------------------------------------------------
Test Passed.
"hello_world_test" end time: Aug 07 22:28 CEST
"hello_world_test" time elapsed: 00:00:00
----------------------------------------------------------

2/17 Testing: error_codes
2/17 Test: error_codes
Command: "/Users/oliver/ClionProjects/testing/bin/_error_codes"
Directory: /Users/oliver/ClionProjects/testing/src/error_codes/tests
"error_codes" start time: Aug 07 22:28 CEST
Output:
----------------------------------------------------------
[====] Synthesis: Tested: 5 | Passing: 5 | Failing: 0 | Crashing: 0 
<end of output>
Test time =   0.10 sec
----------------------------------------------------------
Test Passed.
"error_codes" end time: Aug 07 22:28 CEST
"error_codes" time elapsed: 00:00:00
----------------------------------------------------------

3/17 Testing: binding_import
3/17 Test: binding_import
Command: "/Library/Frameworks/Python.framework/Versions/3.11/bin/python3.11" "/Users/oliver/ClionProjects/testing/src/binding/tests/binding_import.py"
Directory: /Users/oliver/ClionProjects/testing/src/binding/tests
"binding_import" start time: Aug 07 22:28 CEST
Output:
----------------------------------------------------------
.['/Users/oliver/ClionProjects/testing/src/binding/tests', '/Users/oliver/ClionProjects/testing/src', '/Users/oliver/ClionProjects/testing/src/binding/tests', '/Library/Frameworks/Python.framework/Versions/3.11/lib/python311.zip', '/Library/Frameworks/Python.framework/Versions/3.11/lib/python3.11', '/Library/Frameworks/Python.framework/Versions/3.11/lib/python3.11/lib-dynload', '/Library/Frameworks/Python.framework/Versions/3.11/lib/python3.11/site-packages']
We are fatally failing now.
Hello world from within C.
The input values are: a = 1 and b = foo
.A non-fatal error from C in our Python binding.
.
----------------------------------------------------------------------
Ran 3 tests in 0.016s

OK
We were successfully able to catch an exception: Raising a non-fatal error from C in our Python binding up to Python.

Hello world from within C.
The input values are: a = 1 and b = foo
<end of output>
Test time =   0.13 sec
----------------------------------------------------------
Test Passed.
"binding_import" end time: Aug 07 22:28 CEST
"binding_import" time elapsed: 00:00:00
----------------------------------------------------------

4/17 Testing: example
4/17 Test: example
Command: "/Users/oliver/ClionProjects/testing/bin/example"
Directory: /Users/oliver/ClionProjects/testing/src/testing/tests
"example" start time: Aug 07 22:28 CEST
Output:
----------------------------------------------------------
[====] Synthesis: Tested: 3 | Passing: 3 | Failing: 0 | Crashing: 0 
<end of output>
Test time =   0.07 sec
----------------------------------------------------------
Test Passed.
"example" end time: Aug 07 22:28 CEST
"example" time elapsed: 00:00:00
----------------------------------------------------------

5/17 Testing: basic_python
5/17 Test: basic_python
Command: "/Library/Frameworks/Python.framework/Versions/3.11/bin/python3.11" "/Users/oliver/ClionProjects/testing/src/testing/tests/basic_python.py"
Directory: /Users/oliver/ClionProjects/testing/src/testing/tests
"basic_python" start time: Aug 07 22:28 CEST
Output:
----------------------------------------------------------
.
----------------------------------------------------------------------
Ran 1 test in 0.000s

OK
<end of output>
Test time =   0.10 sec
----------------------------------------------------------
Test Passed.
"basic_python" end time: Aug 07 22:28 CEST
"basic_python" time elapsed: 00:00:00
----------------------------------------------------------

6/17 Testing: basic_python_again
6/17 Test: basic_python_again
Command: "/Library/Frameworks/Python.framework/Versions/3.11/bin/python3.11" "/Users/oliver/ClionProjects/testing/src/testing/tests/basic_python_again.py"
Directory: /Users/oliver/ClionProjects/testing/src/testing/tests
"basic_python_again" start time: Aug 07 22:28 CEST
Output:
----------------------------------------------------------
.
----------------------------------------------------------------------
Ran 1 test in 0.000s

OK
<end of output>
Test time =   0.09 sec
----------------------------------------------------------
Test Passed.
"basic_python_again" end time: Aug 07 22:28 CEST
"basic_python_again" time elapsed: 00:00:00
----------------------------------------------------------

7/17 Testing: logging_test
7/17 Test: logging_test
Command: "/Users/oliver/ClionProjects/testing/bin/logging_test"
Directory: /Users/oliver/ClionProjects/testing/src/logging/tests
"logging_test" start time: Aug 07 22:28 CEST
Output:
----------------------------------------------------------
** INFO: 22:28:50.230: some info

** (process:85707): ERROR **: 22:28:50.230: some error
** Message: 22:28:50.231: some message
some print
some print error
** (process:85708): DEBUG: 22:28:50.231: some debug

** (process:85708): WARNING **: 22:28:50.231: some warning
some info, some string 10
[====] Synthesis: Tested: 3 | Passing: 3 | Failing: 0 | Crashing: 0 
<end of output>
Test time =   0.08 sec
----------------------------------------------------------
Test Passed.
"logging_test" end time: Aug 07 22:28 CEST
"logging_test" time elapsed: 00:00:00
----------------------------------------------------------

8/17 Testing: version_test
8/17 Test: version_test
Command: "/Users/oliver/ClionProjects/testing/bin/version_example"
Directory: /Users/oliver/ClionProjects/testing/src/version/tests
"version_test" start time: Aug 07 22:28 CEST
Output:
----------------------------------------------------------
Version: v0.0.3-16-g73cc8bc-dirty
[====] Synthesis: Tested: 5 | Passing: 5 | Failing: 0 | Crashing: 0 
<end of output>
Test time =   0.10 sec
----------------------------------------------------------
Test Passed.
"version_test" end time: Aug 07 22:28 CEST
"version_test" time elapsed: 00:00:00
----------------------------------------------------------

9/17 Testing: cli_arguments_0
9/17 Test: cli_arguments_0
Command: "/Users/oliver/ClionProjects/testing/bin/cli_arguments_0"
Directory: /Users/oliver/ClionProjects/testing/src/cli/tests
"cli_arguments_0" start time: Aug 07 22:28 CEST
Output:
----------------------------------------------------------
** INFO: 22:28:50.438: Parsing the input string: --Help
** INFO: 22:28:50.438: Parsing the input string: --foo
** INFO: 22:28:50.438: Parsing the input string: --help
** INFO: 22:28:50.438: Parsing the input string: 
** INFO: 22:28:50.439: Parsing the input string: --usage
** INFO: 22:28:50.448: Successfully parsed the input string: command --help
Usage: command [OPTION...]

  -?, --help                 Give this help list
      --usage                Give a short usage message
** INFO: 22:28:50.448: Successfully parsed the input string: command --Help
command: unrecognized option `--Help'
Try `command --help' or `command --usage' for more information.
** INFO: 22:28:50.448: Successfully parsed the input string: command 
** INFO: 22:28:50.448: Successfully parsed the input string: command --foo
command: unrecognized option `--foo'
Try `command --help' or `command --usage' for more information.
** INFO: 22:28:50.448: Successfully parsed the input string: command --usage
Usage: command [-?] [--help] [--usage]
[====] Synthesis: Tested: 5 | Passing: 5 | Failing: 0 | Crashing: 0 
<end of output>
Test time =   0.12 sec
----------------------------------------------------------
Test Passed.
"cli_arguments_0" end time: Aug 07 22:28 CEST
"cli_arguments_0" time elapsed: 00:00:00
----------------------------------------------------------

10/17 Testing: cli_arguments_version
10/17 Test: cli_arguments_version
Command: "/Users/oliver/ClionProjects/testing/bin/cli_arguments_version"
Directory: /Users/oliver/ClionProjects/testing/src/cli/tests
"cli_arguments_version" start time: Aug 07 22:28 CEST
Output:
----------------------------------------------------------
** INFO: 22:28:50.507: Parsing the input string: --version
** INFO: 22:28:50.509: Parsing the input string: --version
** INFO: 22:28:50.515: Successfully parsed the input string: command --version
testing v0.0.3-16-g73cc8bc-dirty
** INFO: 22:28:50.516: Successfully parsed the input string: command --version
testing v0.0.3-16-g73cc8bc-dirty
[====] Synthesis: Tested: 2 | Passing: 2 | Failing: 0 | Crashing: 0 
<end of output>
Test time =   0.07 sec
----------------------------------------------------------
Test Passed.
"cli_arguments_version" end time: Aug 07 22:28 CEST
"cli_arguments_version" time elapsed: 00:00:00
----------------------------------------------------------

11/17 Testing: arguments
11/17 Test: arguments
Command: "/Library/Frameworks/Python.framework/Versions/3.11/bin/python3.11" "/Users/oliver/ClionProjects/testing/src/common/tests/arguments.py"
Directory: /Users/oliver/ClionProjects/testing/src/common/tests
"arguments" start time: Aug 07 22:28 CEST
Output:
----------------------------------------------------------
['/Users/oliver/ClionProjects/testing/src/common/tests', '/Users/oliver/ClionProjects/testing/src', '/Users/oliver/ClionProjects/testing/src/common/tests', '/Library/Frameworks/Python.framework/Versions/3.11/lib/python311.zip', '/Library/Frameworks/Python.framework/Versions/3.11/lib/python3.11', '/Library/Frameworks/Python.framework/Versions/3.11/lib/python3.11/lib-dynload', '/Library/Frameworks/Python.framework/Versions/3.11/lib/python3.11/site-packages']
Traceback (most recent call last):
  File "/Users/oliver/ClionProjects/testing/src/common/tests/arguments.py", line 8, in <module>
    from common.arguments import all_combinations, all_kwarg_combinations
  File "/Users/oliver/ClionProjects/testing/src/common/arguments.py", line 7, in <module>
    from common.variables import variable_names_and_objects
  File "/Users/oliver/ClionProjects/testing/src/common/variables.py", line 5, in <module>
    from varname import argname
ModuleNotFoundError: No module named 'varname'
<end of output>
Test time =   0.07 sec
----------------------------------------------------------
Test Failed.
"arguments" end time: Aug 07 22:28 CEST
"arguments" time elapsed: 00:00:00
----------------------------------------------------------

12/17 Testing: output
12/17 Test: output
Command: "/Library/Frameworks/Python.framework/Versions/3.11/bin/python3.11" "/Users/oliver/ClionProjects/testing/src/common/tests/output.py"
Directory: /Users/oliver/ClionProjects/testing/src/common/tests
"output" start time: Aug 07 22:28 CEST
Output:
----------------------------------------------------------
Traceback (most recent call last):
  File "/Users/oliver/ClionProjects/testing/src/common/tests/output.py", line 13, in <module>
    from common.output import Suppressor
  File "/Users/oliver/ClionProjects/testing/src/common/output.py", line 6, in <module>
    import py
ModuleNotFoundError: No module named 'py'
<end of output>
Test time =   0.07 sec
----------------------------------------------------------
Test Failed.
"output" end time: Aug 07 22:28 CEST
"output" time elapsed: 00:00:00
----------------------------------------------------------

13/17 Testing: output_suppressor_c_extension
13/17 Test: output_suppressor_c_extension
Command: "/Library/Frameworks/Python.framework/Versions/3.11/bin/python3.11" "/Users/oliver/ClionProjects/testing/src/common/tests/output_suppressor_c_extension.py"
Directory: /Users/oliver/ClionProjects/testing/src/common/tests
"output_suppressor_c_extension" start time: Aug 07 22:28 CEST
Output:
----------------------------------------------------------
Traceback (most recent call last):
  File "/Users/oliver/ClionProjects/testing/src/common/tests/output_suppressor_c_extension.py", line 11, in <module>
    from common.output import Suppressor
  File "/Users/oliver/ClionProjects/testing/src/common/output.py", line 6, in <module>
    import py
ModuleNotFoundError: No module named 'py'
<end of output>
Test time =   0.05 sec
----------------------------------------------------------
Test Failed.
"output_suppressor_c_extension" end time: Aug 07 22:28 CEST
"output_suppressor_c_extension" time elapsed: 00:00:00
----------------------------------------------------------

14/17 Testing: timing
14/17 Test: timing
Command: "/Library/Frameworks/Python.framework/Versions/3.11/bin/python3.11" "/Users/oliver/ClionProjects/testing/src/common/tests/timing.py"
Directory: /Users/oliver/ClionProjects/testing/src/common/tests
"timing" start time: Aug 07 22:28 CEST
Output:
----------------------------------------------------------
['/Users/oliver/ClionProjects/testing/src/common/tests', '/Users/oliver/ClionProjects/testing/src', '/Users/oliver/ClionProjects/testing/src/common/tests', '/Library/Frameworks/Python.framework/Versions/3.11/lib/python311.zip', '/Library/Frameworks/Python.framework/Versions/3.11/lib/python3.11', '/Library/Frameworks/Python.framework/Versions/3.11/lib/python3.11/lib-dynload', '/Library/Frameworks/Python.framework/Versions/3.11/lib/python3.11/site-packages']
Traceback (most recent call last):
  File "/Users/oliver/ClionProjects/testing/src/common/tests/timing.py", line 9, in <module>
    from common.timing import time_function, timeout, TimeoutError
  File "/Users/oliver/ClionProjects/testing/src/common/timing.py", line 8, in <module>
    from common.output import Suppressor
  File "/Users/oliver/ClionProjects/testing/src/common/output.py", line 6, in <module>
    import py
ModuleNotFoundError: No module named 'py'
<end of output>
Test time =   0.07 sec
----------------------------------------------------------
Test Failed.
"timing" end time: Aug 07 22:28 CEST
"timing" time elapsed: 00:00:00
----------------------------------------------------------

15/17 Testing: variables
15/17 Test: variables
Command: "/Library/Frameworks/Python.framework/Versions/3.11/bin/python3.11" "/Users/oliver/ClionProjects/testing/src/common/tests/variables.py"
Directory: /Users/oliver/ClionProjects/testing/src/common/tests
"variables" start time: Aug 07 22:28 CEST
Output:
----------------------------------------------------------
.
----------------------------------------------------------------------
Ran 1 test in 0.000s

OK
<end of output>
Test time =   0.08 sec
----------------------------------------------------------
Test Passed.
"variables" end time: Aug 07 22:28 CEST
"variables" time elapsed: 00:00:00
----------------------------------------------------------

16/17 Testing: output_suppression
16/17 Test: output_suppression
Command: "/usr/bin/COMMAND" "/Users/oliver/ClionProjects/testing/src/common/tests/output_suppressor_c_extension.sh" "/Users/oliver/ClionProjects/testing/src/common/tests/output_suppressor_c_extension.py" "--suppress_output"
Directory: /Users/oliver/ClionProjects/testing/src/common/tests
"output_suppression" start time: Aug 07 22:28 CEST
Output:
----------------------------------------------------------
Testing suppression:
script: /Users/oliver/ClionProjects/testing/src/common/tests/output_suppressor_c_extension.py
args: --suppress_output
Traceback (most recent call last):
  File "/Users/oliver/ClionProjects/testing/src/common/tests/output_suppressor_c_extension.py", line 11, in <module>
    from common.output import Suppressor
  File "/Users/oliver/ClionProjects/testing/src/common/output.py", line 6, in <module>
    import py
ModuleNotFoundError: No module named 'py'
<end of output>
Test time =   0.06 sec
----------------------------------------------------------
Test Failed.
"output_suppression" end time: Aug 07 22:28 CEST
"output_suppression" time elapsed: 00:00:00
----------------------------------------------------------

17/17 Testing: suppressor
17/17 Test: suppressor
Command: "/Users/oliver/ClionProjects/testing/bin/_suppressor"
Directory: /Users/oliver/ClionProjects/testing/src/common/suppressor/tests
"suppressor" start time: Aug 07 22:28 CEST
Output:
----------------------------------------------------------
[====] Synthesis: Tested: 3 | Passing: 3 | Failing: 0 | Crashing: 0 
<end of output>
Test time =   0.06 sec
----------------------------------------------------------
Test Passed.
"suppressor" end time: Aug 07 22:28 CEST
"suppressor" time elapsed: 00:00:00
----------------------------------------------------------

End testing: Aug 07 22:28 CEST
